<?xml version="1.0" encoding="UTF-8"?>
<testsuite name="com.wbdi.WorldBankDevIndApplication.ServiceTest.DevelopmentIndicatorsServiceTest" tests="23" skipped="0" failures="0" errors="0" timestamp="2025-02-18T17:16:29" hostname="VONFX27F0QKQ4" time="0.017">
  <properties/>
  <testcase name="testFindUniqueCountries_ReturnsSuccess" classname="com.wbdi.WorldBankDevIndApplication.ServiceTest.DevelopmentIndicatorsServiceTest" time="0.001"/>
  <testcase name="testGetDevelopmentIndicatorsDataByCountry_WhenInvalidCountryName_ThrowsException" classname="com.wbdi.WorldBankDevIndApplication.ServiceTest.DevelopmentIndicatorsServiceTest" time="0.001"/>
  <testcase name="testUpdateData_WhenCountryDataDoesNotExists_ThrowsException" classname="com.wbdi.WorldBankDevIndApplication.ServiceTest.DevelopmentIndicatorsServiceTest" time="0.001"/>
  <testcase name="testIsValidCountryName_InvalidName" classname="com.wbdi.WorldBankDevIndApplication.ServiceTest.DevelopmentIndicatorsServiceTest" time="0.0"/>
  <testcase name="testFindUniqueYears_ReturnsSuccess" classname="com.wbdi.WorldBankDevIndApplication.ServiceTest.DevelopmentIndicatorsServiceTest" time="0.001"/>
  <testcase name="testCreateData_WhenDataGiven_ReturnsSuccess" classname="com.wbdi.WorldBankDevIndApplication.ServiceTest.DevelopmentIndicatorsServiceTest" time="0.001"/>
  <testcase name="testDeleteData_ReturnsSuccess" classname="com.wbdi.WorldBankDevIndApplication.ServiceTest.DevelopmentIndicatorsServiceTest" time="0.001"/>
  <testcase name="testRetrieveData_ReturnsSuccess" classname="com.wbdi.WorldBankDevIndApplication.ServiceTest.DevelopmentIndicatorsServiceTest" time="0.001"/>
  <testcase name="testIsDataExists_DataExists" classname="com.wbdi.WorldBankDevIndApplication.ServiceTest.DevelopmentIndicatorsServiceTest" time="0.0"/>
  <testcase name="testGetDevelopmentIndicatorsDataByCountry_ReturnsSuccess" classname="com.wbdi.WorldBankDevIndApplication.ServiceTest.DevelopmentIndicatorsServiceTest" time="0.001"/>
  <testcase name="testUpdateDevIndData_WhenNullDataPassed_ThrowsException" classname="com.wbdi.WorldBankDevIndApplication.ServiceTest.DevelopmentIndicatorsServiceTest" time="0.0"/>
  <testcase name="testIsDataExists_DataDoesNotExist" classname="com.wbdi.WorldBankDevIndApplication.ServiceTest.DevelopmentIndicatorsServiceTest" time="0.001"/>
  <testcase name="testUpdateData_ReturnsSuccess" classname="com.wbdi.WorldBankDevIndApplication.ServiceTest.DevelopmentIndicatorsServiceTest" time="0.001"/>
  <testcase name="testIsValidCountryName_ValidName" classname="com.wbdi.WorldBankDevIndApplication.ServiceTest.DevelopmentIndicatorsServiceTest" time="0.0"/>
  <testcase name="testIsValidYear_ValidYear" classname="com.wbdi.WorldBankDevIndApplication.ServiceTest.DevelopmentIndicatorsServiceTest" time="0.001"/>
  <testcase name="testRetrieveData_WhenDataNotFound_ThrowsException" classname="com.wbdi.WorldBankDevIndApplication.ServiceTest.DevelopmentIndicatorsServiceTest" time="0.001"/>
  <testcase name="testGetDevelopmentIndicatorsDataByCountry_WhenDataNotFound_ThrowsException" classname="com.wbdi.WorldBankDevIndApplication.ServiceTest.DevelopmentIndicatorsServiceTest" time="0.0"/>
  <testcase name="testFindUniqueCountries_WhenNoCountriesFound_ReturnsEmptyList" classname="com.wbdi.WorldBankDevIndApplication.ServiceTest.DevelopmentIndicatorsServiceTest" time="0.001"/>
  <testcase name="testFindUniqueYears_WhenNoYearsFound_ReturnsEmptyList" classname="com.wbdi.WorldBankDevIndApplication.ServiceTest.DevelopmentIndicatorsServiceTest" time="0.001"/>
  <testcase name="testDeleteData_WhenDataNotFound_ThrowsException" classname="com.wbdi.WorldBankDevIndApplication.ServiceTest.DevelopmentIndicatorsServiceTest" time="0.001"/>
  <testcase name="testCreateData_WhenNullDataPassed_ThrowsException" classname="com.wbdi.WorldBankDevIndApplication.ServiceTest.DevelopmentIndicatorsServiceTest" time="0.0"/>
  <testcase name="testCreateData_WhenDataExists_ThrowsException" classname="com.wbdi.WorldBankDevIndApplication.ServiceTest.DevelopmentIndicatorsServiceTest" time="0.001"/>
  <testcase name="testIsValidYear_InvalidYear" classname="com.wbdi.WorldBankDevIndApplication.ServiceTest.DevelopmentIndicatorsServiceTest" time="0.001"/>
  <system-out><![CDATA[2025-02-18T22:46:29.261+05:30 ERROR 1804 --- [WorldBankDevIndApplication] [    Test worker] c.w.W.S.DevelopmentIndicatorsService     : Invalid country name for getting data by country name: 123Invalid
2025-02-18T22:46:29.262+05:30 ERROR 1804 --- [WorldBankDevIndApplication] [    Test worker] c.w.W.S.DevelopmentIndicatorsService     : Data does not exist for update.
2025-02-18T22:46:29.268+05:30 ERROR 1804 --- [WorldBankDevIndApplication] [    Test worker] c.w.W.S.DevelopmentIndicatorsService     : Data for country is null
2025-02-18T22:46:29.271+05:30 ERROR 1804 --- [WorldBankDevIndApplication] [    Test worker] c.w.W.S.DevelopmentIndicatorsService     : Data does not exist for country name: nonExistingCountry and year: 1970
2025-02-18T22:46:29.272+05:30 ERROR 1804 --- [WorldBankDevIndApplication] [    Test worker] c.w.W.S.DevelopmentIndicatorsService     : Data does not exists for country name: nonExistingCountry
2025-02-18T22:46:29.274+05:30 ERROR 1804 --- [WorldBankDevIndApplication] [    Test worker] c.w.W.S.DevelopmentIndicatorsService     : Data not available for country name: nonExistingCountry and year: 1970
2025-02-18T22:46:29.275+05:30 ERROR 1804 --- [WorldBankDevIndApplication] [    Test worker] c.w.W.S.DevelopmentIndicatorsService     : Data is null
2025-02-18T22:46:29.276+05:30 ERROR 1804 --- [WorldBankDevIndApplication] [    Test worker] c.w.W.S.DevelopmentIndicatorsService     : Data already exists for country name: China and year: 2015
]]></system-out>
  <system-err><![CDATA[]]></system-err>
</testsuite>
