<?xml version="1.0" encoding="UTF-8"?>
<testsuite name="com.wbdi.WorldBankDevIndApplication.ControllerTest.DevelopmentIndicatorsControllerTest" tests="22" skipped="0" failures="0" errors="0" timestamp="2025-02-14T05:48:09" hostname="VONFX27F0QKQ4" time="1.373">
  <properties/>
  <testcase name="testGetDevelopmentIndicatorsDataByCountry_WhenInvalidCountry_ReturnsException" classname="com.wbdi.WorldBankDevIndApplication.ControllerTest.DevelopmentIndicatorsControllerTest" time="0.925"/>
  <testcase name="testDevelopmentController_DeleteData_ReturnsSuccess" classname="com.wbdi.WorldBankDevIndApplication.ControllerTest.DevelopmentIndicatorsControllerTest" time="0.026"/>
  <testcase name="testCreateData_DuplicateData_ReturnsConflict" classname="com.wbdi.WorldBankDevIndApplication.ControllerTest.DevelopmentIndicatorsControllerTest" time="0.151"/>
  <testcase name="testGetUniqueYears_ReturnsData" classname="com.wbdi.WorldBankDevIndApplication.ControllerTest.DevelopmentIndicatorsControllerTest" time="0.041"/>
  <testcase name="testGetUniqueYears_WhenNoData_ReturnsEmptyList" classname="com.wbdi.WorldBankDevIndApplication.ControllerTest.DevelopmentIndicatorsControllerTest" time="0.014"/>
  <testcase name="testGetDevelopmentIndicatorsDataByCountry_ReturnsData" classname="com.wbdi.WorldBankDevIndApplication.ControllerTest.DevelopmentIndicatorsControllerTest" time="0.012"/>
  <testcase name="testGetUniqueCountries_WhenNoData_ReturnsEmptyList" classname="com.wbdi.WorldBankDevIndApplication.ControllerTest.DevelopmentIndicatorsControllerTest" time="0.014"/>
  <testcase name="testDeleteData_NonExistingData_ReturnsNotFound" classname="com.wbdi.WorldBankDevIndApplication.ControllerTest.DevelopmentIndicatorsControllerTest" time="0.009"/>
  <testcase name="testGetUniqueYears_ServerError_ReturnsException" classname="com.wbdi.WorldBankDevIndApplication.ControllerTest.DevelopmentIndicatorsControllerTest" time="0.015"/>
  <testcase name="testCreateData_ReturnsSuccess" classname="com.wbdi.WorldBankDevIndApplication.ControllerTest.DevelopmentIndicatorsControllerTest" time="0.015"/>
  <testcase name="testUpdateData_NonExistingData_ReturnsBadRequest" classname="com.wbdi.WorldBankDevIndApplication.ControllerTest.DevelopmentIndicatorsControllerTest" time="0.014"/>
  <testcase name="testGetUniqueCountries_ReturnsData" classname="com.wbdi.WorldBankDevIndApplication.ControllerTest.DevelopmentIndicatorsControllerTest" time="0.008"/>
  <testcase name="testUpdateData_ReturnsSuccess" classname="com.wbdi.WorldBankDevIndApplication.ControllerTest.DevelopmentIndicatorsControllerTest" time="0.012"/>
  <testcase name="testRetrieveData_MissingFields_ReturnsBadRequest" classname="com.wbdi.WorldBankDevIndApplication.ControllerTest.DevelopmentIndicatorsControllerTest" time="0.015"/>
  <testcase name="testRetrieveData_WhenNonExistingData_ReturnsBadRequest" classname="com.wbdi.WorldBankDevIndApplication.ControllerTest.DevelopmentIndicatorsControllerTest" time="0.007"/>
  <testcase name="testGetCountries_ServerError_ReturnsException" classname="com.wbdi.WorldBankDevIndApplication.ControllerTest.DevelopmentIndicatorsControllerTest" time="0.01"/>
  <testcase name="testCreateData_ServerError_ReturnsNothing" classname="com.wbdi.WorldBankDevIndApplication.ControllerTest.DevelopmentIndicatorsControllerTest" time="0.013"/>
  <testcase name="testRetrieveData_ServerError_ReturnsError" classname="com.wbdi.WorldBankDevIndApplication.ControllerTest.DevelopmentIndicatorsControllerTest" time="0.011"/>
  <testcase name="testRetrieveData_ReturnsData" classname="com.wbdi.WorldBankDevIndApplication.ControllerTest.DevelopmentIndicatorsControllerTest" time="0.012"/>
  <testcase name="testGetDevelopmentIndicatorsDataByCountry_WhenDataNotFound_ReturnsEmptyList" classname="com.wbdi.WorldBankDevIndApplication.ControllerTest.DevelopmentIndicatorsControllerTest" time="0.008"/>
  <testcase name="testGetDevelopmentIndicatorsDataByCountry_WhenServerError_ReturnsException" classname="com.wbdi.WorldBankDevIndApplication.ControllerTest.DevelopmentIndicatorsControllerTest" time="0.008"/>
  <testcase name="testCreateData_WhenMissingFields_ReturnsBadRequest" classname="com.wbdi.WorldBankDevIndApplication.ControllerTest.DevelopmentIndicatorsControllerTest" time="0.027"/>
  <system-out><![CDATA[11:18:09.493 [Test worker] INFO org.hibernate.validator.internal.util.Version -- HV000001: Hibernate Validator 8.0.2.Final
11:18:09.930 [Test worker] INFO org.springframework.mock.web.MockServletContext -- Initializing Spring TestDispatcherServlet ''
11:18:09.930 [Test worker] INFO org.springframework.test.web.servlet.TestDispatcherServlet -- Initializing Servlet ''
11:18:09.932 [Test worker] INFO org.springframework.test.web.servlet.TestDispatcherServlet -- Completed initialization in 1 ms
11:18:10.003 [Test worker] INFO com.wbdi.WorldBankDevIndApplication.Controller.DevelopmentIndicatorsController -- Executing class com.wbdi.WorldBankDevIndApplication.Controller.DevelopmentIndicatorsController for retrieving data of country name: any
11:18:10.004 [Test worker] INFO com.wbdi.WorldBankDevIndApplication.Controller.DevelopmentIndicatorsController -- Data retrieved for country name any successfully.
11:18:10.006 [Test worker] WARN com.wbdi.WorldBankDevIndApplication.Controller.DevelopmentIndicatorsController -- Invalid country name for retrieving country name No data found
11:18:10.036 [Test worker] INFO org.springframework.mock.web.MockServletContext -- Initializing Spring TestDispatcherServlet ''
11:18:10.036 [Test worker] INFO org.springframework.test.web.servlet.TestDispatcherServlet -- Initializing Servlet ''
11:18:10.036 [Test worker] INFO org.springframework.test.web.servlet.TestDispatcherServlet -- Completed initialization in 0 ms
11:18:10.041 [Test worker] INFO com.wbdi.WorldBankDevIndApplication.Controller.DevelopmentIndicatorsController -- Executing class com.wbdi.WorldBankDevIndApplication.Controller.DevelopmentIndicatorsController for deleting data of country name: Kenya and year: 2010
11:18:10.042 [Test worker] INFO com.wbdi.WorldBankDevIndApplication.Controller.DevelopmentIndicatorsController -- Data deleted successfully.
11:18:10.058 [Test worker] INFO org.springframework.mock.web.MockServletContext -- Initializing Spring TestDispatcherServlet ''
11:18:10.058 [Test worker] INFO org.springframework.test.web.servlet.TestDispatcherServlet -- Initializing Servlet ''
11:18:10.058 [Test worker] INFO org.springframework.test.web.servlet.TestDispatcherServlet -- Completed initialization in 0 ms
11:18:10.198 [Test worker] INFO com.wbdi.WorldBankDevIndApplication.Controller.DevelopmentIndicatorsController -- Executing class com.wbdi.WorldBankDevIndApplication.Controller.DevelopmentIndicatorsController with data: com.wbdi.WorldBankDevIndApplication.Model.DevelopmentIndicatorsData@74974165
11:18:10.199 [Test worker] WARN com.wbdi.WorldBankDevIndApplication.Controller.DevelopmentIndicatorsController -- Conflict While adding the data: Duplicate entry
11:18:10.209 [Test worker] INFO org.springframework.mock.web.MockServletContext -- Initializing Spring TestDispatcherServlet ''
11:18:10.209 [Test worker] INFO org.springframework.test.web.servlet.TestDispatcherServlet -- Initializing Servlet ''
11:18:10.209 [Test worker] INFO org.springframework.test.web.servlet.TestDispatcherServlet -- Completed initialization in 0 ms
11:18:10.210 [Test worker] INFO com.wbdi.WorldBankDevIndApplication.Controller.DevelopmentIndicatorsController -- Executing class com.wbdi.WorldBankDevIndApplication.Controller.DevelopmentIndicatorsController for retrieving unique years.
11:18:10.211 [Test worker] INFO com.wbdi.WorldBankDevIndApplication.Controller.DevelopmentIndicatorsController -- Unique years retrieved successfully.
11:18:10.250 [Test worker] INFO org.springframework.mock.web.MockServletContext -- Initializing Spring TestDispatcherServlet ''
11:18:10.250 [Test worker] INFO org.springframework.test.web.servlet.TestDispatcherServlet -- Initializing Servlet ''
11:18:10.251 [Test worker] INFO org.springframework.test.web.servlet.TestDispatcherServlet -- Completed initialization in 1 ms
11:18:10.251 [Test worker] INFO com.wbdi.WorldBankDevIndApplication.Controller.DevelopmentIndicatorsController -- Executing class com.wbdi.WorldBankDevIndApplication.Controller.DevelopmentIndicatorsController for retrieving unique years.
11:18:10.252 [Test worker] INFO com.wbdi.WorldBankDevIndApplication.Controller.DevelopmentIndicatorsController -- Unique years retrieved successfully.
11:18:10.263 [Test worker] INFO org.springframework.mock.web.MockServletContext -- Initializing Spring TestDispatcherServlet ''
11:18:10.263 [Test worker] INFO org.springframework.test.web.servlet.TestDispatcherServlet -- Initializing Servlet ''
11:18:10.263 [Test worker] INFO org.springframework.test.web.servlet.TestDispatcherServlet -- Completed initialization in 0 ms
11:18:10.264 [Test worker] INFO com.wbdi.WorldBankDevIndApplication.Controller.DevelopmentIndicatorsController -- Executing class com.wbdi.WorldBankDevIndApplication.Controller.DevelopmentIndicatorsController for retrieving data of country name: Italy
11:18:10.264 [Test worker] INFO com.wbdi.WorldBankDevIndApplication.Controller.DevelopmentIndicatorsController -- Data retrieved for country name Italy successfully.
11:18:10.277 [Test worker] INFO org.springframework.mock.web.MockServletContext -- Initializing Spring TestDispatcherServlet ''
11:18:10.277 [Test worker] INFO org.springframework.test.web.servlet.TestDispatcherServlet -- Initializing Servlet ''
11:18:10.277 [Test worker] INFO org.springframework.test.web.servlet.TestDispatcherServlet -- Completed initialization in 0 ms
11:18:10.278 [Test worker] INFO com.wbdi.WorldBankDevIndApplication.Controller.DevelopmentIndicatorsController -- Executing class com.wbdi.WorldBankDevIndApplication.Controller.DevelopmentIndicatorsController for retrieving unique countries.
11:18:10.279 [Test worker] INFO com.wbdi.WorldBankDevIndApplication.Controller.DevelopmentIndicatorsController -- Unique countries retrieved successfully.
11:18:10.289 [Test worker] INFO org.springframework.mock.web.MockServletContext -- Initializing Spring TestDispatcherServlet ''
11:18:10.290 [Test worker] INFO org.springframework.test.web.servlet.TestDispatcherServlet -- Initializing Servlet ''
11:18:10.290 [Test worker] INFO org.springframework.test.web.servlet.TestDispatcherServlet -- Completed initialization in 0 ms
11:18:10.291 [Test worker] INFO com.wbdi.WorldBankDevIndApplication.Controller.DevelopmentIndicatorsController -- Executing class com.wbdi.WorldBankDevIndApplication.Controller.DevelopmentIndicatorsController for deleting data of country name: NonExistingCountry and year: 9999
11:18:10.291 [Test worker] WARN com.wbdi.WorldBankDevIndApplication.Controller.DevelopmentIndicatorsController -- Bad request while deleting data: Data not found
11:18:10.298 [Test worker] INFO org.springframework.mock.web.MockServletContext -- Initializing Spring TestDispatcherServlet ''
11:18:10.298 [Test worker] INFO org.springframework.test.web.servlet.TestDispatcherServlet -- Initializing Servlet ''
11:18:10.298 [Test worker] INFO org.springframework.test.web.servlet.TestDispatcherServlet -- Completed initialization in 0 ms
11:18:10.299 [Test worker] INFO com.wbdi.WorldBankDevIndApplication.Controller.DevelopmentIndicatorsController -- Executing class com.wbdi.WorldBankDevIndApplication.Controller.DevelopmentIndicatorsController for retrieving unique years.
11:18:10.299 [Test worker] INFO com.wbdi.WorldBankDevIndApplication.Controller.DevelopmentIndicatorsController -- Unique years retrieved successfully.
11:18:10.300 [Test worker] ERROR com.wbdi.WorldBankDevIndApplication.Controller.DevelopmentIndicatorsController -- Error while retrieving unique years: DB error
java.lang.RuntimeException: DB error
	at com.wbdi.WorldBankDevIndApplication.Service.DevelopmentIndicatorsService.getUniqueYears(DevelopmentIndicatorsService.java:76)
	at com.wbdi.WorldBankDevIndApplication.Controller.DevelopmentIndicatorsController.getYear(DevelopmentIndicatorsController.java:122)
	at java.base/jdk.internal.reflect.DirectMethodHandleAccessor.invoke(DirectMethodHandleAccessor.java:103)
	at java.base/java.lang.reflect.Method.invoke(Method.java:580)
	at org.springframework.web.method.support.InvocableHandlerMethod.doInvoke(InvocableHandlerMethod.java:257)
	at org.springframework.web.method.support.InvocableHandlerMethod.invokeForRequest(InvocableHandlerMethod.java:190)
	at org.springframework.web.servlet.mvc.method.annotation.ServletInvocableHandlerMethod.invokeAndHandle(ServletInvocableHandlerMethod.java:118)
	at org.springframework.web.servlet.mvc.method.annotation.RequestMappingHandlerAdapter.invokeHandlerMethod(RequestMappingHandlerAdapter.java:986)
	at org.springframework.web.servlet.mvc.method.annotation.RequestMappingHandlerAdapter.handleInternal(RequestMappingHandlerAdapter.java:891)
	at org.springframework.web.servlet.mvc.method.AbstractHandlerMethodAdapter.handle(AbstractHandlerMethodAdapter.java:87)
	at org.springframework.web.servlet.DispatcherServlet.doDispatch(DispatcherServlet.java:1088)
	at org.springframework.web.servlet.DispatcherServlet.doService(DispatcherServlet.java:978)
	at org.springframework.web.servlet.FrameworkServlet.processRequest(FrameworkServlet.java:1014)
	at org.springframework.web.servlet.FrameworkServlet.doGet(FrameworkServlet.java:903)
	at jakarta.servlet.http.HttpServlet.service(HttpServlet.java:564)
	at org.springframework.web.servlet.FrameworkServlet.service(FrameworkServlet.java:885)
	at org.springframework.test.web.servlet.TestDispatcherServlet.service(TestDispatcherServlet.java:72)
	at jakarta.servlet.http.HttpServlet.service(HttpServlet.java:658)
	at org.springframework.mock.web.MockFilterChain$ServletFilterProxy.doFilter(MockFilterChain.java:165)
	at org.springframework.mock.web.MockFilterChain.doFilter(MockFilterChain.java:132)
	at org.springframework.test.web.servlet.MockMvc.perform(MockMvc.java:201)
	at com.wbdi.WorldBankDevIndApplication.ControllerTest.DevelopmentIndicatorsControllerTest.testGetUniqueYears_ServerError_ReturnsException(DevelopmentIndicatorsControllerTest.java:372)
	at java.base/jdk.internal.reflect.DirectMethodHandleAccessor.invoke(DirectMethodHandleAccessor.java:103)
	at java.base/java.lang.reflect.Method.invoke(Method.java:580)
	at org.junit.runners.model.FrameworkMethod$1.runReflectiveCall(FrameworkMethod.java:59)
	at org.junit.internal.runners.model.ReflectiveCallable.run(ReflectiveCallable.java:12)
	at org.junit.runners.model.FrameworkMethod.invokeExplosively(FrameworkMethod.java:56)
	at org.junit.internal.runners.statements.InvokeMethod.evaluate(InvokeMethod.java:17)
	at org.junit.internal.runners.statements.RunBefores.evaluate(RunBefores.java:26)
	at org.mockito.internal.runners.DefaultInternalRunner$1$1.evaluate(DefaultInternalRunner.java:55)
	at org.junit.runners.ParentRunner$3.evaluate(ParentRunner.java:306)
	at org.junit.runners.BlockJUnit4ClassRunner$1.evaluate(BlockJUnit4ClassRunner.java:100)
	at org.junit.runners.ParentRunner.runLeaf(ParentRunner.java:366)
	at org.junit.runners.BlockJUnit4ClassRunner.runChild(BlockJUnit4ClassRunner.java:103)
	at org.junit.runners.BlockJUnit4ClassRunner.runChild(BlockJUnit4ClassRunner.java:63)
	at org.junit.runners.ParentRunner$4.run(ParentRunner.java:331)
	at org.junit.runners.ParentRunner$1.schedule(ParentRunner.java:79)
	at org.junit.runners.ParentRunner.runChildren(ParentRunner.java:329)
	at org.junit.runners.ParentRunner.access$100(ParentRunner.java:66)
	at org.junit.runners.ParentRunner$2.evaluate(ParentRunner.java:293)
	at org.junit.runners.ParentRunner$3.evaluate(ParentRunner.java:306)
	at org.junit.runners.ParentRunner.run(ParentRunner.java:413)
	at org.mockito.internal.runners.DefaultInternalRunner$1.run(DefaultInternalRunner.java:100)
	at org.mockito.internal.runners.DefaultInternalRunner.run(DefaultInternalRunner.java:107)
	at org.mockito.internal.runners.StrictRunner.run(StrictRunner.java:42)
	at org.mockito.junit.MockitoJUnitRunner.run(MockitoJUnitRunner.java:163)
	at org.gradle.api.internal.tasks.testing.junit.JUnitTestClassExecutor.runTestClass(JUnitTestClassExecutor.java:112)
	at org.gradle.api.internal.tasks.testing.junit.JUnitTestClassExecutor.execute(JUnitTestClassExecutor.java:58)
	at org.gradle.api.internal.tasks.testing.junit.JUnitTestClassExecutor.execute(JUnitTestClassExecutor.java:40)
	at org.gradle.api.internal.tasks.testing.junit.AbstractJUnitTestClassProcessor.processTestClass(AbstractJUnitTestClassProcessor.java:54)
	at org.gradle.api.internal.tasks.testing.SuiteTestClassProcessor.processTestClass(SuiteTestClassProcessor.java:53)
	at java.base/jdk.internal.reflect.DirectMethodHandleAccessor.invoke(DirectMethodHandleAccessor.java:103)
	at java.base/java.lang.reflect.Method.invoke(Method.java:580)
	at org.gradle.internal.dispatch.ReflectionDispatch.dispatch(ReflectionDispatch.java:36)
	at org.gradle.internal.dispatch.ReflectionDispatch.dispatch(ReflectionDispatch.java:24)
	at org.gradle.internal.dispatch.ContextClassLoaderDispatch.dispatch(ContextClassLoaderDispatch.java:33)
	at org.gradle.internal.dispatch.ProxyDispatchAdapter$DispatchingInvocationHandler.invoke(ProxyDispatchAdapter.java:92)
	at jdk.proxy2/jdk.proxy2.$Proxy6.processTestClass(Unknown Source)
	at org.gradle.api.internal.tasks.testing.worker.TestWorker$2.run(TestWorker.java:183)
	at org.gradle.api.internal.tasks.testing.worker.TestWorker.executeAndMaintainThreadName(TestWorker.java:132)
	at org.gradle.api.internal.tasks.testing.worker.TestWorker.execute(TestWorker.java:103)
	at org.gradle.api.internal.tasks.testing.worker.TestWorker.execute(TestWorker.java:63)
	at org.gradle.process.internal.worker.child.ActionExecutionWorker.execute(ActionExecutionWorker.java:56)
	at org.gradle.process.internal.worker.child.SystemApplicationClassLoaderWorker.call(SystemApplicationClassLoaderWorker.java:121)
	at org.gradle.process.internal.worker.child.SystemApplicationClassLoaderWorker.call(SystemApplicationClassLoaderWorker.java:71)
	at worker.org.gradle.process.internal.worker.GradleWorkerMain.run(GradleWorkerMain.java:69)
	at worker.org.gradle.process.internal.worker.GradleWorkerMain.main(GradleWorkerMain.java:74)
11:18:10.313 [Test worker] INFO org.springframework.mock.web.MockServletContext -- Initializing Spring TestDispatcherServlet ''
11:18:10.313 [Test worker] INFO org.springframework.test.web.servlet.TestDispatcherServlet -- Initializing Servlet ''
11:18:10.313 [Test worker] INFO org.springframework.test.web.servlet.TestDispatcherServlet -- Completed initialization in 0 ms
11:18:10.321 [Test worker] INFO com.wbdi.WorldBankDevIndApplication.Controller.DevelopmentIndicatorsController -- Executing class com.wbdi.WorldBankDevIndApplication.Controller.DevelopmentIndicatorsController with data: com.wbdi.WorldBankDevIndApplication.Model.DevelopmentIndicatorsData@46f43f50
11:18:10.321 [Test worker] INFO com.wbdi.WorldBankDevIndApplication.Controller.DevelopmentIndicatorsController -- Data added successfully.
11:18:10.328 [Test worker] INFO org.springframework.mock.web.MockServletContext -- Initializing Spring TestDispatcherServlet ''
11:18:10.328 [Test worker] INFO org.springframework.test.web.servlet.TestDispatcherServlet -- Initializing Servlet ''
11:18:10.328 [Test worker] INFO org.springframework.test.web.servlet.TestDispatcherServlet -- Completed initialization in 0 ms
11:18:10.335 [Test worker] INFO com.wbdi.WorldBankDevIndApplication.Controller.DevelopmentIndicatorsController -- Executing class com.wbdi.WorldBankDevIndApplication.Controller.DevelopmentIndicatorsController to update data: com.wbdi.WorldBankDevIndApplication.Model.DevelopmentIndicatorsData@64a0a1c6
11:18:10.335 [Test worker] WARN com.wbdi.WorldBankDevIndApplication.Controller.DevelopmentIndicatorsController -- Bad request for updating data: Data not found
11:18:10.341 [Test worker] INFO org.springframework.mock.web.MockServletContext -- Initializing Spring TestDispatcherServlet ''
11:18:10.341 [Test worker] INFO org.springframework.test.web.servlet.TestDispatcherServlet -- Initializing Servlet ''
11:18:10.341 [Test worker] INFO org.springframework.test.web.servlet.TestDispatcherServlet -- Completed initialization in 0 ms
11:18:10.342 [Test worker] INFO com.wbdi.WorldBankDevIndApplication.Controller.DevelopmentIndicatorsController -- Executing class com.wbdi.WorldBankDevIndApplication.Controller.DevelopmentIndicatorsController for retrieving unique countries.
11:18:10.342 [Test worker] INFO com.wbdi.WorldBankDevIndApplication.Controller.DevelopmentIndicatorsController -- Unique countries retrieved successfully.
11:18:10.348 [Test worker] INFO org.springframework.mock.web.MockServletContext -- Initializing Spring TestDispatcherServlet ''
11:18:10.349 [Test worker] INFO org.springframework.test.web.servlet.TestDispatcherServlet -- Initializing Servlet ''
11:18:10.349 [Test worker] INFO org.springframework.test.web.servlet.TestDispatcherServlet -- Completed initialization in 0 ms
11:18:10.354 [Test worker] INFO com.wbdi.WorldBankDevIndApplication.Controller.DevelopmentIndicatorsController -- Executing class com.wbdi.WorldBankDevIndApplication.Controller.DevelopmentIndicatorsController to update data: com.wbdi.WorldBankDevIndApplication.Model.DevelopmentIndicatorsData@6ca95b1e
11:18:10.355 [Test worker] INFO com.wbdi.WorldBankDevIndApplication.Controller.DevelopmentIndicatorsController -- Data updated successfully
11:18:10.360 [Test worker] INFO org.springframework.mock.web.MockServletContext -- Initializing Spring TestDispatcherServlet ''
11:18:10.360 [Test worker] INFO org.springframework.test.web.servlet.TestDispatcherServlet -- Initializing Servlet ''
11:18:10.361 [Test worker] INFO org.springframework.test.web.servlet.TestDispatcherServlet -- Completed initialization in 1 ms
11:18:10.370 [Test worker] WARN org.springframework.web.servlet.mvc.support.DefaultHandlerExceptionResolver -- Resolved [org.springframework.web.bind.MissingServletRequestParameterException: Required request parameter 'countryName' for method parameter type String is not present]
11:18:10.376 [Test worker] INFO org.springframework.mock.web.MockServletContext -- Initializing Spring TestDispatcherServlet ''
11:18:10.376 [Test worker] INFO org.springframework.test.web.servlet.TestDispatcherServlet -- Initializing Servlet ''
11:18:10.376 [Test worker] INFO org.springframework.test.web.servlet.TestDispatcherServlet -- Completed initialization in 0 ms
11:18:10.377 [Test worker] INFO com.wbdi.WorldBankDevIndApplication.Controller.DevelopmentIndicatorsController -- Executing class com.wbdi.WorldBankDevIndApplication.Controller.DevelopmentIndicatorsController to retrieve data for country: NonExistingCountry, year: 9999
11:18:10.377 [Test worker] INFO com.wbdi.WorldBankDevIndApplication.Controller.DevelopmentIndicatorsController -- Data retrieved successfully.
11:18:10.377 [Test worker] WARN com.wbdi.WorldBankDevIndApplication.Controller.DevelopmentIndicatorsController -- Bad request while retrieving data: No data found
11:18:10.384 [Test worker] INFO org.springframework.mock.web.MockServletContext -- Initializing Spring TestDispatcherServlet ''
11:18:10.384 [Test worker] INFO org.springframework.test.web.servlet.TestDispatcherServlet -- Initializing Servlet ''
11:18:10.384 [Test worker] INFO org.springframework.test.web.servlet.TestDispatcherServlet -- Completed initialization in 0 ms
11:18:10.385 [Test worker] INFO com.wbdi.WorldBankDevIndApplication.Controller.DevelopmentIndicatorsController -- Executing class com.wbdi.WorldBankDevIndApplication.Controller.DevelopmentIndicatorsController for retrieving unique countries.
11:18:10.385 [Test worker] INFO com.wbdi.WorldBankDevIndApplication.Controller.DevelopmentIndicatorsController -- Unique countries retrieved successfully.
11:18:10.385 [Test worker] ERROR com.wbdi.WorldBankDevIndApplication.Controller.DevelopmentIndicatorsController -- Error while retrieving unique countries: DB error
java.lang.RuntimeException: DB error
	at com.wbdi.WorldBankDevIndApplication.Service.DevelopmentIndicatorsService.getUniqueCountries(DevelopmentIndicatorsService.java:70)
	at com.wbdi.WorldBankDevIndApplication.Controller.DevelopmentIndicatorsController.getCountry(DevelopmentIndicatorsController.java:107)
	at java.base/jdk.internal.reflect.DirectMethodHandleAccessor.invoke(DirectMethodHandleAccessor.java:103)
	at java.base/java.lang.reflect.Method.invoke(Method.java:580)
	at org.springframework.web.method.support.InvocableHandlerMethod.doInvoke(InvocableHandlerMethod.java:257)
	at org.springframework.web.method.support.InvocableHandlerMethod.invokeForRequest(InvocableHandlerMethod.java:190)
	at org.springframework.web.servlet.mvc.method.annotation.ServletInvocableHandlerMethod.invokeAndHandle(ServletInvocableHandlerMethod.java:118)
	at org.springframework.web.servlet.mvc.method.annotation.RequestMappingHandlerAdapter.invokeHandlerMethod(RequestMappingHandlerAdapter.java:986)
	at org.springframework.web.servlet.mvc.method.annotation.RequestMappingHandlerAdapter.handleInternal(RequestMappingHandlerAdapter.java:891)
	at org.springframework.web.servlet.mvc.method.AbstractHandlerMethodAdapter.handle(AbstractHandlerMethodAdapter.java:87)
	at org.springframework.web.servlet.DispatcherServlet.doDispatch(DispatcherServlet.java:1088)
	at org.springframework.web.servlet.DispatcherServlet.doService(DispatcherServlet.java:978)
	at org.springframework.web.servlet.FrameworkServlet.processRequest(FrameworkServlet.java:1014)
	at org.springframework.web.servlet.FrameworkServlet.doGet(FrameworkServlet.java:903)
	at jakarta.servlet.http.HttpServlet.service(HttpServlet.java:564)
	at org.springframework.web.servlet.FrameworkServlet.service(FrameworkServlet.java:885)
	at org.springframework.test.web.servlet.TestDispatcherServlet.service(TestDispatcherServlet.java:72)
	at jakarta.servlet.http.HttpServlet.service(HttpServlet.java:658)
	at org.springframework.mock.web.MockFilterChain$ServletFilterProxy.doFilter(MockFilterChain.java:165)
	at org.springframework.mock.web.MockFilterChain.doFilter(MockFilterChain.java:132)
	at org.springframework.test.web.servlet.MockMvc.perform(MockMvc.java:201)
	at com.wbdi.WorldBankDevIndApplication.ControllerTest.DevelopmentIndicatorsControllerTest.testGetCountries_ServerError_ReturnsException(DevelopmentIndicatorsControllerTest.java:340)
	at java.base/jdk.internal.reflect.DirectMethodHandleAccessor.invoke(DirectMethodHandleAccessor.java:103)
	at java.base/java.lang.reflect.Method.invoke(Method.java:580)
	at org.junit.runners.model.FrameworkMethod$1.runReflectiveCall(FrameworkMethod.java:59)
	at org.junit.internal.runners.model.ReflectiveCallable.run(ReflectiveCallable.java:12)
	at org.junit.runners.model.FrameworkMethod.invokeExplosively(FrameworkMethod.java:56)
	at org.junit.internal.runners.statements.InvokeMethod.evaluate(InvokeMethod.java:17)
	at org.junit.internal.runners.statements.RunBefores.evaluate(RunBefores.java:26)
	at org.mockito.internal.runners.DefaultInternalRunner$1$1.evaluate(DefaultInternalRunner.java:55)
	at org.junit.runners.ParentRunner$3.evaluate(ParentRunner.java:306)
	at org.junit.runners.BlockJUnit4ClassRunner$1.evaluate(BlockJUnit4ClassRunner.java:100)
	at org.junit.runners.ParentRunner.runLeaf(ParentRunner.java:366)
	at org.junit.runners.BlockJUnit4ClassRunner.runChild(BlockJUnit4ClassRunner.java:103)
	at org.junit.runners.BlockJUnit4ClassRunner.runChild(BlockJUnit4ClassRunner.java:63)
	at org.junit.runners.ParentRunner$4.run(ParentRunner.java:331)
	at org.junit.runners.ParentRunner$1.schedule(ParentRunner.java:79)
	at org.junit.runners.ParentRunner.runChildren(ParentRunner.java:329)
	at org.junit.runners.ParentRunner.access$100(ParentRunner.java:66)
	at org.junit.runners.ParentRunner$2.evaluate(ParentRunner.java:293)
	at org.junit.runners.ParentRunner$3.evaluate(ParentRunner.java:306)
	at org.junit.runners.ParentRunner.run(ParentRunner.java:413)
	at org.mockito.internal.runners.DefaultInternalRunner$1.run(DefaultInternalRunner.java:100)
	at org.mockito.internal.runners.DefaultInternalRunner.run(DefaultInternalRunner.java:107)
	at org.mockito.internal.runners.StrictRunner.run(StrictRunner.java:42)
	at org.mockito.junit.MockitoJUnitRunner.run(MockitoJUnitRunner.java:163)
	at org.gradle.api.internal.tasks.testing.junit.JUnitTestClassExecutor.runTestClass(JUnitTestClassExecutor.java:112)
	at org.gradle.api.internal.tasks.testing.junit.JUnitTestClassExecutor.execute(JUnitTestClassExecutor.java:58)
	at org.gradle.api.internal.tasks.testing.junit.JUnitTestClassExecutor.execute(JUnitTestClassExecutor.java:40)
	at org.gradle.api.internal.tasks.testing.junit.AbstractJUnitTestClassProcessor.processTestClass(AbstractJUnitTestClassProcessor.java:54)
	at org.gradle.api.internal.tasks.testing.SuiteTestClassProcessor.processTestClass(SuiteTestClassProcessor.java:53)
	at java.base/jdk.internal.reflect.DirectMethodHandleAccessor.invoke(DirectMethodHandleAccessor.java:103)
	at java.base/java.lang.reflect.Method.invoke(Method.java:580)
	at org.gradle.internal.dispatch.ReflectionDispatch.dispatch(ReflectionDispatch.java:36)
	at org.gradle.internal.dispatch.ReflectionDispatch.dispatch(ReflectionDispatch.java:24)
	at org.gradle.internal.dispatch.ContextClassLoaderDispatch.dispatch(ContextClassLoaderDispatch.java:33)
	at org.gradle.internal.dispatch.ProxyDispatchAdapter$DispatchingInvocationHandler.invoke(ProxyDispatchAdapter.java:92)
	at jdk.proxy2/jdk.proxy2.$Proxy6.processTestClass(Unknown Source)
	at org.gradle.api.internal.tasks.testing.worker.TestWorker$2.run(TestWorker.java:183)
	at org.gradle.api.internal.tasks.testing.worker.TestWorker.executeAndMaintainThreadName(TestWorker.java:132)
	at org.gradle.api.internal.tasks.testing.worker.TestWorker.execute(TestWorker.java:103)
	at org.gradle.api.internal.tasks.testing.worker.TestWorker.execute(TestWorker.java:63)
	at org.gradle.process.internal.worker.child.ActionExecutionWorker.execute(ActionExecutionWorker.java:56)
	at org.gradle.process.internal.worker.child.SystemApplicationClassLoaderWorker.call(SystemApplicationClassLoaderWorker.java:121)
	at org.gradle.process.internal.worker.child.SystemApplicationClassLoaderWorker.call(SystemApplicationClassLoaderWorker.java:71)
	at worker.org.gradle.process.internal.worker.GradleWorkerMain.run(GradleWorkerMain.java:69)
	at worker.org.gradle.process.internal.worker.GradleWorkerMain.main(GradleWorkerMain.java:74)
11:18:10.393 [Test worker] INFO org.springframework.mock.web.MockServletContext -- Initializing Spring TestDispatcherServlet ''
11:18:10.393 [Test worker] INFO org.springframework.test.web.servlet.TestDispatcherServlet -- Initializing Servlet ''
11:18:10.393 [Test worker] INFO org.springframework.test.web.servlet.TestDispatcherServlet -- Completed initialization in 0 ms
11:18:10.400 [Test worker] INFO com.wbdi.WorldBankDevIndApplication.Controller.DevelopmentIndicatorsController -- Executing class com.wbdi.WorldBankDevIndApplication.Controller.DevelopmentIndicatorsController with data: com.wbdi.WorldBankDevIndApplication.Model.DevelopmentIndicatorsData@7158a28c
11:18:10.400 [Test worker] ERROR com.wbdi.WorldBankDevIndApplication.Controller.DevelopmentIndicatorsController -- Error while adding the data: Database error
java.lang.RuntimeException: Database error
	at com.wbdi.WorldBankDevIndApplication.Service.DevelopmentIndicatorsService.createDevIndData(DevelopmentIndicatorsService.java:82)
	at com.wbdi.WorldBankDevIndApplication.Controller.DevelopmentIndicatorsController.createData(DevelopmentIndicatorsController.java:31)
	at java.base/jdk.internal.reflect.DirectMethodHandleAccessor.invoke(DirectMethodHandleAccessor.java:103)
	at java.base/java.lang.reflect.Method.invoke(Method.java:580)
	at org.springframework.web.method.support.InvocableHandlerMethod.doInvoke(InvocableHandlerMethod.java:257)
	at org.springframework.web.method.support.InvocableHandlerMethod.invokeForRequest(InvocableHandlerMethod.java:190)
	at org.springframework.web.servlet.mvc.method.annotation.ServletInvocableHandlerMethod.invokeAndHandle(ServletInvocableHandlerMethod.java:118)
	at org.springframework.web.servlet.mvc.method.annotation.RequestMappingHandlerAdapter.invokeHandlerMethod(RequestMappingHandlerAdapter.java:986)
	at org.springframework.web.servlet.mvc.method.annotation.RequestMappingHandlerAdapter.handleInternal(RequestMappingHandlerAdapter.java:891)
	at org.springframework.web.servlet.mvc.method.AbstractHandlerMethodAdapter.handle(AbstractHandlerMethodAdapter.java:87)
	at org.springframework.web.servlet.DispatcherServlet.doDispatch(DispatcherServlet.java:1088)
	at org.springframework.web.servlet.DispatcherServlet.doService(DispatcherServlet.java:978)
	at org.springframework.web.servlet.FrameworkServlet.processRequest(FrameworkServlet.java:1014)
	at org.springframework.web.servlet.FrameworkServlet.doPost(FrameworkServlet.java:914)
	at jakarta.servlet.http.HttpServlet.service(HttpServlet.java:590)
	at org.springframework.web.servlet.FrameworkServlet.service(FrameworkServlet.java:885)
	at org.springframework.test.web.servlet.TestDispatcherServlet.service(TestDispatcherServlet.java:72)
	at jakarta.servlet.http.HttpServlet.service(HttpServlet.java:658)
	at org.springframework.mock.web.MockFilterChain$ServletFilterProxy.doFilter(MockFilterChain.java:165)
	at org.springframework.mock.web.MockFilterChain.doFilter(MockFilterChain.java:132)
	at org.springframework.test.web.servlet.MockMvc.perform(MockMvc.java:201)
	at com.wbdi.WorldBankDevIndApplication.ControllerTest.DevelopmentIndicatorsControllerTest.testCreateData_ServerError_ReturnsNothing(DevelopmentIndicatorsControllerTest.java:144)
	at java.base/jdk.internal.reflect.DirectMethodHandleAccessor.invoke(DirectMethodHandleAccessor.java:103)
	at java.base/java.lang.reflect.Method.invoke(Method.java:580)
	at org.junit.runners.model.FrameworkMethod$1.runReflectiveCall(FrameworkMethod.java:59)
	at org.junit.internal.runners.model.ReflectiveCallable.run(ReflectiveCallable.java:12)
	at org.junit.runners.model.FrameworkMethod.invokeExplosively(FrameworkMethod.java:56)
	at org.junit.internal.runners.statements.InvokeMethod.evaluate(InvokeMethod.java:17)
	at org.junit.internal.runners.statements.RunBefores.evaluate(RunBefores.java:26)
	at org.mockito.internal.runners.DefaultInternalRunner$1$1.evaluate(DefaultInternalRunner.java:55)
	at org.junit.runners.ParentRunner$3.evaluate(ParentRunner.java:306)
	at org.junit.runners.BlockJUnit4ClassRunner$1.evaluate(BlockJUnit4ClassRunner.java:100)
	at org.junit.runners.ParentRunner.runLeaf(ParentRunner.java:366)
	at org.junit.runners.BlockJUnit4ClassRunner.runChild(BlockJUnit4ClassRunner.java:103)
	at org.junit.runners.BlockJUnit4ClassRunner.runChild(BlockJUnit4ClassRunner.java:63)
	at org.junit.runners.ParentRunner$4.run(ParentRunner.java:331)
	at org.junit.runners.ParentRunner$1.schedule(ParentRunner.java:79)
	at org.junit.runners.ParentRunner.runChildren(ParentRunner.java:329)
	at org.junit.runners.ParentRunner.access$100(ParentRunner.java:66)
	at org.junit.runners.ParentRunner$2.evaluate(ParentRunner.java:293)
	at org.junit.runners.ParentRunner$3.evaluate(ParentRunner.java:306)
	at org.junit.runners.ParentRunner.run(ParentRunner.java:413)
	at org.mockito.internal.runners.DefaultInternalRunner$1.run(DefaultInternalRunner.java:100)
	at org.mockito.internal.runners.DefaultInternalRunner.run(DefaultInternalRunner.java:107)
	at org.mockito.internal.runners.StrictRunner.run(StrictRunner.java:42)
	at org.mockito.junit.MockitoJUnitRunner.run(MockitoJUnitRunner.java:163)
	at org.gradle.api.internal.tasks.testing.junit.JUnitTestClassExecutor.runTestClass(JUnitTestClassExecutor.java:112)
	at org.gradle.api.internal.tasks.testing.junit.JUnitTestClassExecutor.execute(JUnitTestClassExecutor.java:58)
	at org.gradle.api.internal.tasks.testing.junit.JUnitTestClassExecutor.execute(JUnitTestClassExecutor.java:40)
	at org.gradle.api.internal.tasks.testing.junit.AbstractJUnitTestClassProcessor.processTestClass(AbstractJUnitTestClassProcessor.java:54)
	at org.gradle.api.internal.tasks.testing.SuiteTestClassProcessor.processTestClass(SuiteTestClassProcessor.java:53)
	at java.base/jdk.internal.reflect.DirectMethodHandleAccessor.invoke(DirectMethodHandleAccessor.java:103)
	at java.base/java.lang.reflect.Method.invoke(Method.java:580)
	at org.gradle.internal.dispatch.ReflectionDispatch.dispatch(ReflectionDispatch.java:36)
	at org.gradle.internal.dispatch.ReflectionDispatch.dispatch(ReflectionDispatch.java:24)
	at org.gradle.internal.dispatch.ContextClassLoaderDispatch.dispatch(ContextClassLoaderDispatch.java:33)
	at org.gradle.internal.dispatch.ProxyDispatchAdapter$DispatchingInvocationHandler.invoke(ProxyDispatchAdapter.java:92)
	at jdk.proxy2/jdk.proxy2.$Proxy6.processTestClass(Unknown Source)
	at org.gradle.api.internal.tasks.testing.worker.TestWorker$2.run(TestWorker.java:183)
	at org.gradle.api.internal.tasks.testing.worker.TestWorker.executeAndMaintainThreadName(TestWorker.java:132)
	at org.gradle.api.internal.tasks.testing.worker.TestWorker.execute(TestWorker.java:103)
	at org.gradle.api.internal.tasks.testing.worker.TestWorker.execute(TestWorker.java:63)
	at org.gradle.process.internal.worker.child.ActionExecutionWorker.execute(ActionExecutionWorker.java:56)
	at org.gradle.process.internal.worker.child.SystemApplicationClassLoaderWorker.call(SystemApplicationClassLoaderWorker.java:121)
	at org.gradle.process.internal.worker.child.SystemApplicationClassLoaderWorker.call(SystemApplicationClassLoaderWorker.java:71)
	at worker.org.gradle.process.internal.worker.GradleWorkerMain.run(GradleWorkerMain.java:69)
	at worker.org.gradle.process.internal.worker.GradleWorkerMain.main(GradleWorkerMain.java:74)
11:18:10.407 [Test worker] INFO org.springframework.mock.web.MockServletContext -- Initializing Spring TestDispatcherServlet ''
11:18:10.407 [Test worker] INFO org.springframework.test.web.servlet.TestDispatcherServlet -- Initializing Servlet ''
11:18:10.407 [Test worker] INFO org.springframework.test.web.servlet.TestDispatcherServlet -- Completed initialization in 0 ms
11:18:10.408 [Test worker] INFO com.wbdi.WorldBankDevIndApplication.Controller.DevelopmentIndicatorsController -- Executing class com.wbdi.WorldBankDevIndApplication.Controller.DevelopmentIndicatorsController to retrieve data for country: USA, year: 2020
11:18:10.408 [Test worker] INFO com.wbdi.WorldBankDevIndApplication.Controller.DevelopmentIndicatorsController -- Data retrieved successfully.
11:18:10.409 [Test worker] ERROR com.wbdi.WorldBankDevIndApplication.Controller.DevelopmentIndicatorsController -- Error in retrieving data: Database error
java.lang.RuntimeException: Database error
	at com.wbdi.WorldBankDevIndApplication.Service.DevelopmentIndicatorsService.retrieveDevIndData(DevelopmentIndicatorsService.java:100)
	at com.wbdi.WorldBankDevIndApplication.Controller.DevelopmentIndicatorsController.retrieveData(DevelopmentIndicatorsController.java:51)
	at java.base/jdk.internal.reflect.DirectMethodHandleAccessor.invoke(DirectMethodHandleAccessor.java:103)
	at java.base/java.lang.reflect.Method.invoke(Method.java:580)
	at org.springframework.web.method.support.InvocableHandlerMethod.doInvoke(InvocableHandlerMethod.java:257)
	at org.springframework.web.method.support.InvocableHandlerMethod.invokeForRequest(InvocableHandlerMethod.java:190)
	at org.springframework.web.servlet.mvc.method.annotation.ServletInvocableHandlerMethod.invokeAndHandle(ServletInvocableHandlerMethod.java:118)
	at org.springframework.web.servlet.mvc.method.annotation.RequestMappingHandlerAdapter.invokeHandlerMethod(RequestMappingHandlerAdapter.java:986)
	at org.springframework.web.servlet.mvc.method.annotation.RequestMappingHandlerAdapter.handleInternal(RequestMappingHandlerAdapter.java:891)
	at org.springframework.web.servlet.mvc.method.AbstractHandlerMethodAdapter.handle(AbstractHandlerMethodAdapter.java:87)
	at org.springframework.web.servlet.DispatcherServlet.doDispatch(DispatcherServlet.java:1088)
	at org.springframework.web.servlet.DispatcherServlet.doService(DispatcherServlet.java:978)
	at org.springframework.web.servlet.FrameworkServlet.processRequest(FrameworkServlet.java:1014)
	at org.springframework.web.servlet.FrameworkServlet.doGet(FrameworkServlet.java:903)
	at jakarta.servlet.http.HttpServlet.service(HttpServlet.java:564)
	at org.springframework.web.servlet.FrameworkServlet.service(FrameworkServlet.java:885)
	at org.springframework.test.web.servlet.TestDispatcherServlet.service(TestDispatcherServlet.java:72)
	at jakarta.servlet.http.HttpServlet.service(HttpServlet.java:658)
	at org.springframework.mock.web.MockFilterChain$ServletFilterProxy.doFilter(MockFilterChain.java:165)
	at org.springframework.mock.web.MockFilterChain.doFilter(MockFilterChain.java:132)
	at org.springframework.test.web.servlet.MockMvc.perform(MockMvc.java:201)
	at com.wbdi.WorldBankDevIndApplication.ControllerTest.DevelopmentIndicatorsControllerTest.testRetrieveData_ServerError_ReturnsError(DevelopmentIndicatorsControllerTest.java:215)
	at java.base/jdk.internal.reflect.DirectMethodHandleAccessor.invoke(DirectMethodHandleAccessor.java:103)
	at java.base/java.lang.reflect.Method.invoke(Method.java:580)
	at org.junit.runners.model.FrameworkMethod$1.runReflectiveCall(FrameworkMethod.java:59)
	at org.junit.internal.runners.model.ReflectiveCallable.run(ReflectiveCallable.java:12)
	at org.junit.runners.model.FrameworkMethod.invokeExplosively(FrameworkMethod.java:56)
	at org.junit.internal.runners.statements.InvokeMethod.evaluate(InvokeMethod.java:17)
	at org.junit.internal.runners.statements.RunBefores.evaluate(RunBefores.java:26)
	at org.mockito.internal.runners.DefaultInternalRunner$1$1.evaluate(DefaultInternalRunner.java:55)
	at org.junit.runners.ParentRunner$3.evaluate(ParentRunner.java:306)
	at org.junit.runners.BlockJUnit4ClassRunner$1.evaluate(BlockJUnit4ClassRunner.java:100)
	at org.junit.runners.ParentRunner.runLeaf(ParentRunner.java:366)
	at org.junit.runners.BlockJUnit4ClassRunner.runChild(BlockJUnit4ClassRunner.java:103)
	at org.junit.runners.BlockJUnit4ClassRunner.runChild(BlockJUnit4ClassRunner.java:63)
	at org.junit.runners.ParentRunner$4.run(ParentRunner.java:331)
	at org.junit.runners.ParentRunner$1.schedule(ParentRunner.java:79)
	at org.junit.runners.ParentRunner.runChildren(ParentRunner.java:329)
	at org.junit.runners.ParentRunner.access$100(ParentRunner.java:66)
	at org.junit.runners.ParentRunner$2.evaluate(ParentRunner.java:293)
	at org.junit.runners.ParentRunner$3.evaluate(ParentRunner.java:306)
	at org.junit.runners.ParentRunner.run(ParentRunner.java:413)
	at org.mockito.internal.runners.DefaultInternalRunner$1.run(DefaultInternalRunner.java:100)
	at org.mockito.internal.runners.DefaultInternalRunner.run(DefaultInternalRunner.java:107)
	at org.mockito.internal.runners.StrictRunner.run(StrictRunner.java:42)
	at org.mockito.junit.MockitoJUnitRunner.run(MockitoJUnitRunner.java:163)
	at org.gradle.api.internal.tasks.testing.junit.JUnitTestClassExecutor.runTestClass(JUnitTestClassExecutor.java:112)
	at org.gradle.api.internal.tasks.testing.junit.JUnitTestClassExecutor.execute(JUnitTestClassExecutor.java:58)
	at org.gradle.api.internal.tasks.testing.junit.JUnitTestClassExecutor.execute(JUnitTestClassExecutor.java:40)
	at org.gradle.api.internal.tasks.testing.junit.AbstractJUnitTestClassProcessor.processTestClass(AbstractJUnitTestClassProcessor.java:54)
	at org.gradle.api.internal.tasks.testing.SuiteTestClassProcessor.processTestClass(SuiteTestClassProcessor.java:53)
	at java.base/jdk.internal.reflect.DirectMethodHandleAccessor.invoke(DirectMethodHandleAccessor.java:103)
	at java.base/java.lang.reflect.Method.invoke(Method.java:580)
	at org.gradle.internal.dispatch.ReflectionDispatch.dispatch(ReflectionDispatch.java:36)
	at org.gradle.internal.dispatch.ReflectionDispatch.dispatch(ReflectionDispatch.java:24)
	at org.gradle.internal.dispatch.ContextClassLoaderDispatch.dispatch(ContextClassLoaderDispatch.java:33)
	at org.gradle.internal.dispatch.ProxyDispatchAdapter$DispatchingInvocationHandler.invoke(ProxyDispatchAdapter.java:92)
	at jdk.proxy2/jdk.proxy2.$Proxy6.processTestClass(Unknown Source)
	at org.gradle.api.internal.tasks.testing.worker.TestWorker$2.run(TestWorker.java:183)
	at org.gradle.api.internal.tasks.testing.worker.TestWorker.executeAndMaintainThreadName(TestWorker.java:132)
	at org.gradle.api.internal.tasks.testing.worker.TestWorker.execute(TestWorker.java:103)
	at org.gradle.api.internal.tasks.testing.worker.TestWorker.execute(TestWorker.java:63)
	at org.gradle.process.internal.worker.child.ActionExecutionWorker.execute(ActionExecutionWorker.java:56)
	at org.gradle.process.internal.worker.child.SystemApplicationClassLoaderWorker.call(SystemApplicationClassLoaderWorker.java:121)
	at org.gradle.process.internal.worker.child.SystemApplicationClassLoaderWorker.call(SystemApplicationClassLoaderWorker.java:71)
	at worker.org.gradle.process.internal.worker.GradleWorkerMain.run(GradleWorkerMain.java:69)
	at worker.org.gradle.process.internal.worker.GradleWorkerMain.main(GradleWorkerMain.java:74)
11:18:10.420 [Test worker] INFO org.springframework.mock.web.MockServletContext -- Initializing Spring TestDispatcherServlet ''
11:18:10.420 [Test worker] INFO org.springframework.test.web.servlet.TestDispatcherServlet -- Initializing Servlet ''
11:18:10.421 [Test worker] INFO org.springframework.test.web.servlet.TestDispatcherServlet -- Completed initialization in 1 ms
11:18:10.422 [Test worker] INFO com.wbdi.WorldBankDevIndApplication.Controller.DevelopmentIndicatorsController -- Executing class com.wbdi.WorldBankDevIndApplication.Controller.DevelopmentIndicatorsController to retrieve data for country: Italy, year: 2015
11:18:10.422 [Test worker] INFO com.wbdi.WorldBankDevIndApplication.Controller.DevelopmentIndicatorsController -- Data retrieved successfully.
11:18:10.431 [Test worker] INFO org.springframework.mock.web.MockServletContext -- Initializing Spring TestDispatcherServlet ''
11:18:10.431 [Test worker] INFO org.springframework.test.web.servlet.TestDispatcherServlet -- Initializing Servlet ''
11:18:10.431 [Test worker] INFO org.springframework.test.web.servlet.TestDispatcherServlet -- Completed initialization in 0 ms
11:18:10.432 [Test worker] INFO com.wbdi.WorldBankDevIndApplication.Controller.DevelopmentIndicatorsController -- Executing class com.wbdi.WorldBankDevIndApplication.Controller.DevelopmentIndicatorsController for retrieving data of country name: nonExistingCountry
11:18:10.432 [Test worker] INFO com.wbdi.WorldBankDevIndApplication.Controller.DevelopmentIndicatorsController -- Data retrieved for country name nonExistingCountry successfully.
11:18:10.439 [Test worker] INFO org.springframework.mock.web.MockServletContext -- Initializing Spring TestDispatcherServlet ''
11:18:10.439 [Test worker] INFO org.springframework.test.web.servlet.TestDispatcherServlet -- Initializing Servlet ''
11:18:10.439 [Test worker] INFO org.springframework.test.web.servlet.TestDispatcherServlet -- Completed initialization in 0 ms
11:18:10.440 [Test worker] INFO com.wbdi.WorldBankDevIndApplication.Controller.DevelopmentIndicatorsController -- Executing class com.wbdi.WorldBankDevIndApplication.Controller.DevelopmentIndicatorsController for retrieving data of country name: any
11:18:10.440 [Test worker] INFO com.wbdi.WorldBankDevIndApplication.Controller.DevelopmentIndicatorsController -- Data retrieved for country name any successfully.
11:18:10.440 [Test worker] ERROR com.wbdi.WorldBankDevIndApplication.Controller.DevelopmentIndicatorsController -- Error While retrieving the data by country name null
java.lang.RuntimeException: null
	at com.wbdi.WorldBankDevIndApplication.Service.DevelopmentIndicatorsService.getDevelopmentIndicatorsDataByCountry(DevelopmentIndicatorsService.java:147)
	at com.wbdi.WorldBankDevIndApplication.Controller.DevelopmentIndicatorsController.getDevelopmentIndicatorsDataByCountry(DevelopmentIndicatorsController.java:135)
	at java.base/jdk.internal.reflect.DirectMethodHandleAccessor.invoke(DirectMethodHandleAccessor.java:103)
	at java.base/java.lang.reflect.Method.invoke(Method.java:580)
	at org.springframework.web.method.support.InvocableHandlerMethod.doInvoke(InvocableHandlerMethod.java:257)
	at org.springframework.web.method.support.InvocableHandlerMethod.invokeForRequest(InvocableHandlerMethod.java:190)
	at org.springframework.web.servlet.mvc.method.annotation.ServletInvocableHandlerMethod.invokeAndHandle(ServletInvocableHandlerMethod.java:118)
	at org.springframework.web.servlet.mvc.method.annotation.RequestMappingHandlerAdapter.invokeHandlerMethod(RequestMappingHandlerAdapter.java:986)
	at org.springframework.web.servlet.mvc.method.annotation.RequestMappingHandlerAdapter.handleInternal(RequestMappingHandlerAdapter.java:891)
	at org.springframework.web.servlet.mvc.method.AbstractHandlerMethodAdapter.handle(AbstractHandlerMethodAdapter.java:87)
	at org.springframework.web.servlet.DispatcherServlet.doDispatch(DispatcherServlet.java:1088)
	at org.springframework.web.servlet.DispatcherServlet.doService(DispatcherServlet.java:978)
	at org.springframework.web.servlet.FrameworkServlet.processRequest(FrameworkServlet.java:1014)
	at org.springframework.web.servlet.FrameworkServlet.doGet(FrameworkServlet.java:903)
	at jakarta.servlet.http.HttpServlet.service(HttpServlet.java:564)
	at org.springframework.web.servlet.FrameworkServlet.service(FrameworkServlet.java:885)
	at org.springframework.test.web.servlet.TestDispatcherServlet.service(TestDispatcherServlet.java:72)
	at jakarta.servlet.http.HttpServlet.service(HttpServlet.java:658)
	at org.springframework.mock.web.MockFilterChain$ServletFilterProxy.doFilter(MockFilterChain.java:165)
	at org.springframework.mock.web.MockFilterChain.doFilter(MockFilterChain.java:132)
	at org.springframework.test.web.servlet.MockMvc.perform(MockMvc.java:201)
	at com.wbdi.WorldBankDevIndApplication.ControllerTest.DevelopmentIndicatorsControllerTest.testGetDevelopmentIndicatorsDataByCountry_WhenServerError_ReturnsException(DevelopmentIndicatorsControllerTest.java:426)
	at java.base/jdk.internal.reflect.DirectMethodHandleAccessor.invoke(DirectMethodHandleAccessor.java:103)
	at java.base/java.lang.reflect.Method.invoke(Method.java:580)
	at org.junit.runners.model.FrameworkMethod$1.runReflectiveCall(FrameworkMethod.java:59)
	at org.junit.internal.runners.model.ReflectiveCallable.run(ReflectiveCallable.java:12)
	at org.junit.runners.model.FrameworkMethod.invokeExplosively(FrameworkMethod.java:56)
	at org.junit.internal.runners.statements.InvokeMethod.evaluate(InvokeMethod.java:17)
	at org.junit.internal.runners.statements.RunBefores.evaluate(RunBefores.java:26)
	at org.mockito.internal.runners.DefaultInternalRunner$1$1.evaluate(DefaultInternalRunner.java:55)
	at org.junit.runners.ParentRunner$3.evaluate(ParentRunner.java:306)
	at org.junit.runners.BlockJUnit4ClassRunner$1.evaluate(BlockJUnit4ClassRunner.java:100)
	at org.junit.runners.ParentRunner.runLeaf(ParentRunner.java:366)
	at org.junit.runners.BlockJUnit4ClassRunner.runChild(BlockJUnit4ClassRunner.java:103)
	at org.junit.runners.BlockJUnit4ClassRunner.runChild(BlockJUnit4ClassRunner.java:63)
	at org.junit.runners.ParentRunner$4.run(ParentRunner.java:331)
	at org.junit.runners.ParentRunner$1.schedule(ParentRunner.java:79)
	at org.junit.runners.ParentRunner.runChildren(ParentRunner.java:329)
	at org.junit.runners.ParentRunner.access$100(ParentRunner.java:66)
	at org.junit.runners.ParentRunner$2.evaluate(ParentRunner.java:293)
	at org.junit.runners.ParentRunner$3.evaluate(ParentRunner.java:306)
	at org.junit.runners.ParentRunner.run(ParentRunner.java:413)
	at org.mockito.internal.runners.DefaultInternalRunner$1.run(DefaultInternalRunner.java:100)
	at org.mockito.internal.runners.DefaultInternalRunner.run(DefaultInternalRunner.java:107)
	at org.mockito.internal.runners.StrictRunner.run(StrictRunner.java:42)
	at org.mockito.junit.MockitoJUnitRunner.run(MockitoJUnitRunner.java:163)
	at org.gradle.api.internal.tasks.testing.junit.JUnitTestClassExecutor.runTestClass(JUnitTestClassExecutor.java:112)
	at org.gradle.api.internal.tasks.testing.junit.JUnitTestClassExecutor.execute(JUnitTestClassExecutor.java:58)
	at org.gradle.api.internal.tasks.testing.junit.JUnitTestClassExecutor.execute(JUnitTestClassExecutor.java:40)
	at org.gradle.api.internal.tasks.testing.junit.AbstractJUnitTestClassProcessor.processTestClass(AbstractJUnitTestClassProcessor.java:54)
	at org.gradle.api.internal.tasks.testing.SuiteTestClassProcessor.processTestClass(SuiteTestClassProcessor.java:53)
	at java.base/jdk.internal.reflect.DirectMethodHandleAccessor.invoke(DirectMethodHandleAccessor.java:103)
	at java.base/java.lang.reflect.Method.invoke(Method.java:580)
	at org.gradle.internal.dispatch.ReflectionDispatch.dispatch(ReflectionDispatch.java:36)
	at org.gradle.internal.dispatch.ReflectionDispatch.dispatch(ReflectionDispatch.java:24)
	at org.gradle.internal.dispatch.ContextClassLoaderDispatch.dispatch(ContextClassLoaderDispatch.java:33)
	at org.gradle.internal.dispatch.ProxyDispatchAdapter$DispatchingInvocationHandler.invoke(ProxyDispatchAdapter.java:92)
	at jdk.proxy2/jdk.proxy2.$Proxy6.processTestClass(Unknown Source)
	at org.gradle.api.internal.tasks.testing.worker.TestWorker$2.run(TestWorker.java:183)
	at org.gradle.api.internal.tasks.testing.worker.TestWorker.executeAndMaintainThreadName(TestWorker.java:132)
	at org.gradle.api.internal.tasks.testing.worker.TestWorker.execute(TestWorker.java:103)
	at org.gradle.api.internal.tasks.testing.worker.TestWorker.execute(TestWorker.java:63)
	at org.gradle.process.internal.worker.child.ActionExecutionWorker.execute(ActionExecutionWorker.java:56)
	at org.gradle.process.internal.worker.child.SystemApplicationClassLoaderWorker.call(SystemApplicationClassLoaderWorker.java:121)
	at org.gradle.process.internal.worker.child.SystemApplicationClassLoaderWorker.call(SystemApplicationClassLoaderWorker.java:71)
	at worker.org.gradle.process.internal.worker.GradleWorkerMain.run(GradleWorkerMain.java:69)
	at worker.org.gradle.process.internal.worker.GradleWorkerMain.main(GradleWorkerMain.java:74)
11:18:10.447 [Test worker] INFO org.springframework.mock.web.MockServletContext -- Initializing Spring TestDispatcherServlet ''
11:18:10.447 [Test worker] INFO org.springframework.test.web.servlet.TestDispatcherServlet -- Initializing Servlet ''
11:18:10.447 [Test worker] INFO org.springframework.test.web.servlet.TestDispatcherServlet -- Completed initialization in 0 ms
11:18:10.470 [Test worker] WARN org.springframework.web.servlet.mvc.support.DefaultHandlerExceptionResolver -- Resolved [org.springframework.web.bind.MethodArgumentNotValidException: Validation failed for argument [0] in public org.springframework.http.ResponseEntity<java.lang.String> com.wbdi.WorldBankDevIndApplication.Controller.DevelopmentIndicatorsController.createData(com.wbdi.WorldBankDevIndApplication.Model.DevelopmentIndicatorsData): [Field error in object 'developmentIndicatorsData' on field 'countryName': rejected value [null]; codes [NotBlank.developmentIndicatorsData.countryName,NotBlank.countryName,NotBlank.java.lang.String,NotBlank]; arguments [org.springframework.context.support.DefaultMessageSourceResolvable: codes [developmentIndicatorsData.countryName,countryName]; arguments []; default message [countryName]]; default message [It is required]] ]
]]></system-out>
  <system-err><![CDATA[Mockito is currently self-attaching to enable the inline-mock-maker. This will no longer work in future releases of the JDK. Please add Mockito as an agent to your build what is described in Mockito's documentation: https://javadoc.io/doc/org.mockito/mockito-core/latest/org/mockito/Mockito.html#0.3
WARNING: A Java agent has been loaded dynamically (/Users/vbs/.gradle/caches/modules-2/files-2.1/net.bytebuddy/byte-buddy-agent/1.15.11/a38b16385e867f59a641330f0362ebe742788ed8/byte-buddy-agent-1.15.11.jar)
WARNING: If a serviceability tool is in use, please run with -XX:+EnableDynamicAgentLoading to hide this warning
WARNING: If a serviceability tool is not in use, please run with -Djdk.instrument.traceUsage for more information
WARNING: Dynamic loading of agents will be disallowed by default in a future release
]]></system-err>
</testsuite>
