<?xml version="1.0" encoding="UTF-8"?>
<testsuite name="com.wbdi.WorldBankDevIndApplication.RepositoryTest.DevelopmentIndicatorsRepositoryTest" tests="4" skipped="0" failures="0" errors="0" timestamp="2025-02-03T09:53:36" hostname="VONFX27F0QKQ4" time="0.159">
  <properties/>
  <testcase name="testFindDistinctYears" classname="com.wbdi.WorldBankDevIndApplication.RepositoryTest.DevelopmentIndicatorsRepositoryTest" time="0.152"/>
  <testcase name="testFindByCountryAndYear" classname="com.wbdi.WorldBankDevIndApplication.RepositoryTest.DevelopmentIndicatorsRepositoryTest" time="0.005"/>
  <testcase name="testFindDevelopmentIndicatorsByCountry" classname="com.wbdi.WorldBankDevIndApplication.RepositoryTest.DevelopmentIndicatorsRepositoryTest" time="0.0"/>
  <testcase name="testFindDistinctCountryNames" classname="com.wbdi.WorldBankDevIndApplication.RepositoryTest.DevelopmentIndicatorsRepositoryTest" time="0.0"/>
  <system-out><![CDATA[]]></system-out>
  <system-err><![CDATA[]]></system-err>
</testsuite>
